<?xml version="1.0" encoding="UTF-8"?>
<testsuite name="sloud.hystrix.HystrixCommandUsageTest" tests="1" skipped="0" failures="0" errors="0" timestamp="2021-06-05T13:38:38" hostname="MacBook-Pro.local" time="0.015">
  <properties/>
  <testcase name="test()" classname="sloud.hystrix.HystrixCommandUsageTest" time="0.015"/>
  <system-out><![CDATA[]]></system-out>
  <system-err><![CDATA[]]></system-err>
</testsuite>
