<?xml version="1.0" encoding="UTF-8"?>
<testsuite name="scloud.rxjava.RxHelloTest" tests="1" skipped="0" failures="0" errors="0" timestamp="2021-06-13T03:13:44" hostname="cyqm1.local" time="0.034">
  <properties/>
  <testcase name="createObTest()" classname="scloud.rxjava.RxHelloTest" time="0.034"/>
  <system-out><![CDATA[11:13:44.538 [Test worker] INFO scloud.rxjava.RxHello - hello
11:13:44.545 [Test worker] INFO scloud.rxjava.RxHello - next one
11:13:44.546 [Test worker] INFO scloud.rxjava.RxHello - next two
11:13:44.546 [Test worker] INFO scloud.rxjava.RxHello - completed
]]></system-out>
  <system-err><![CDATA[]]></system-err>
</testsuite>
