<?xml version="1.0" encoding="UTF-8"?>
<testsuite name="scloud.rxjava.RxHelloTest" tests="1" skipped="0" failures="0" errors="0" timestamp="2021-06-07T09:55:35" hostname="localhost" time="8.107">
  <properties/>
  <testcase name="windowTest()" classname="scloud.rxjava.RxHelloTest" time="8.107"/>
  <system-out><![CDATA[17:55:35.273 [Test worker] INFO scloud.rxjava.RxHello - call event-0
17:55:35.276 [RxComputationScheduler-1] INFO scloud.rxjava.RxHello - on next rx.subjects.UnicastSubject@33c79e4c
17:55:36.079 [Test worker] INFO scloud.rxjava.RxHello - action action event-0
17:55:36.079 [Test worker] INFO scloud.rxjava.RxHello - call event-1
17:55:36.274 [RxComputationScheduler-1] INFO scloud.rxjava.RxHello - on next rx.subjects.UnicastSubject@6c69e918
17:55:36.882 [Test worker] INFO scloud.rxjava.RxHello - action action event-1
17:55:36.883 [Test worker] INFO scloud.rxjava.RxHello - call event-2
17:55:37.273 [RxComputationScheduler-1] INFO scloud.rxjava.RxHello - on next rx.subjects.UnicastSubject@7c45ade6
17:55:37.685 [Test worker] INFO scloud.rxjava.RxHello - action action event-2
17:55:37.685 [Test worker] INFO scloud.rxjava.RxHello - call event-3
17:55:38.271 [RxComputationScheduler-1] INFO scloud.rxjava.RxHello - on next rx.subjects.UnicastSubject@77fc34bb
17:55:38.488 [Test worker] INFO scloud.rxjava.RxHello - action action event-3
17:55:38.488 [Test worker] INFO scloud.rxjava.RxHello - call event-4
17:55:39.276 [RxComputationScheduler-1] INFO scloud.rxjava.RxHello - on next rx.subjects.UnicastSubject@2d7200f1
17:55:39.290 [Test worker] INFO scloud.rxjava.RxHello - action action event-4
17:55:39.290 [Test worker] INFO scloud.rxjava.RxHello - call event-5
17:55:40.096 [Test worker] INFO scloud.rxjava.RxHello - action action event-5
17:55:40.096 [Test worker] INFO scloud.rxjava.RxHello - call event-6
17:55:40.272 [RxComputationScheduler-1] INFO scloud.rxjava.RxHello - on next rx.subjects.UnicastSubject@1ed6f180
17:55:40.901 [Test worker] INFO scloud.rxjava.RxHello - action action event-6
17:55:40.902 [Test worker] INFO scloud.rxjava.RxHello - call event-7
17:55:41.276 [RxComputationScheduler-1] INFO scloud.rxjava.RxHello - on next rx.subjects.UnicastSubject@1266a3bd
17:55:41.704 [Test worker] INFO scloud.rxjava.RxHello - action action event-7
17:55:41.704 [Test worker] INFO scloud.rxjava.RxHello - call event-8
17:55:42.272 [RxComputationScheduler-1] INFO scloud.rxjava.RxHello - on next rx.subjects.UnicastSubject@79e0c223
17:55:42.506 [Test worker] INFO scloud.rxjava.RxHello - action action event-8
17:55:42.507 [Test worker] INFO scloud.rxjava.RxHello - call event-9
17:55:43.276 [RxComputationScheduler-1] INFO scloud.rxjava.RxHello - on next rx.subjects.UnicastSubject@396dd82
17:55:43.311 [Test worker] INFO scloud.rxjava.RxHello - action action event-9
]]></system-out>
  <system-err><![CDATA[]]></system-err>
</testsuite>
